Started by user [8mha:////4CIlnX6V4iT3wtg1zs1OhA0wKxa0q7s30La7Ycl9Z3fIAAAAlx+LCAAAAAAAAP9b85aBtbiIQTGjNKU4P08vOT+vOD8nVc83PyU1x6OyILUoJzMv2y+/JJUBAhiZGBgqihhk0NSjKDWzXb3RdlLBUSYGJk8GtpzUvPSSDB8G5tKinBIGIZ+sxLJE/ZzEvHT94JKizLx0a6BxUmjGOUNodHsLgAyBEgZu/dLi1CL9xJTczDwAS4B5WsAAAAA=[0mBhagyashree Kote
Running as SYSTEM
Building on the built-in node in workspace /var/lib/jenkins/workspace/Boardgame
Selected Git installation does not exist. Using Default
The recommended git tool is: NONE
No credentials specified
 > git rev-parse --resolve-git-dir /var/lib/jenkins/workspace/Boardgame/.git # timeout=10
Fetching changes from the remote Git repository
 > git config remote.origin.url https://github.com/ranikote/Boardgame.git # timeout=10
Fetching upstream changes from https://github.com/ranikote/Boardgame.git
 > git --version # timeout=10
 > git --version # 'git version 2.43.0'
 > git fetch --tags --force --progress -- https://github.com/ranikote/Boardgame.git +refs/heads/*:refs/remotes/origin/* # timeout=10
 > git rev-parse origin/main^{commit} # timeout=10
Checking out Revision 6c317e11d1e7a71f0f61bce88887f2ceef8efcc0 (origin/main)
 > git config core.sparsecheckout # timeout=10
 > git checkout -f 6c317e11d1e7a71f0f61bce88887f2ceef8efcc0 # timeout=10
Commit message: "Update Dockerfile"
 > git rev-list --no-walk 6c317e11d1e7a71f0f61bce88887f2ceef8efcc0 # timeout=10
[Boardgame] $ mvn install
FATAL: command execution failed
java.io.IOException: error=2, No such file or directory
	at java.base/java.lang.ProcessImpl.forkAndExec(Native Method)
	at java.base/java.lang.ProcessImpl.<init>(ProcessImpl.java:314)
	at java.base/java.lang.ProcessImpl.start(ProcessImpl.java:244)
	at java.base/java.lang.ProcessBuilder.start(ProcessBuilder.java:1110)
Caused: java.io.IOException: Cannot run program "mvn" (in directory "/var/lib/jenkins/workspace/Boardgame"): error=2, No such file or directory
	at java.base/java.lang.ProcessBuilder.start(ProcessBuilder.java:1143)
	at java.base/java.lang.ProcessBuilder.start(ProcessBuilder.java:1073)
	at hudson.Proc$LocalProc.<init>(Proc.java:252)
	at hudson.Proc$LocalProc.<init>(Proc.java:221)
	at hudson.Launcher$LocalLauncher.launch(Launcher.java:995)
	at hudson.Launcher$ProcStarter.start(Launcher.java:507)
	at hudson.Launcher$ProcStarter.join(Launcher.java:518)
	at hudson.tasks.Maven.perform(Maven.java:369)
	at hudson.tasks.BuildStepMonitor$1.perform(BuildStepMonitor.java:20)
	at hudson.model.AbstractBuild$AbstractBuildExecution.perform(AbstractBuild.java:818)
	at hudson.model.Build$BuildExecution.build(Build.java:199)
	at hudson.model.Build$BuildExecution.doRun(Build.java:164)
	at hudson.model.AbstractBuild$AbstractBuildExecution.run(AbstractBuild.java:527)
	at hudson.model.Run.execute(Run.java:1860)
	at hudson.model.FreeStyleBuild.run(FreeStyleBuild.java:44)
	at hudson.model.ResourceController.execute(ResourceController.java:101)
	at hudson.model.Executor.run(Executor.java:460)
Build step 'Invoke top-level Maven targets' marked build as failure
Finished: FAILURE
